<?xml version="1.0" encoding="UTF-8"?>
<testsuite name="io.brule.tasking.idl.ClientInteropTest" tests="2" skipped="0" failures="0" errors="0" timestamp="2026-09-08T03:34:28.025Z" hostname="runnervmejwal" time="2.426">
  <properties/>
  <testcase name="generated Python client interoperates with real PostgreSQL HTTP lifecycle CAS and typed event history()" classname="io.brule.tasking.idl.ClientInteropTest" time="2.172"/>
  <testcase name="generated client never replays a command after its committed reply is lost()" classname="io.brule.tasking.idl.ClientInteropTest" time="0.22"/>
  <system-out><![CDATA[]]></system-out>
  <system-err><![CDATA[]]></system-err>
</testsuite>
